2020-01-05 22:38:30.541  INFO 13400 --- [main] com.example.hotel.HotelApplication       : Starting HotelApplication on MS-JUIGYMZVVVZA with PID 13400 (D:\JAVA_CODE\hotel\build\classes\java\main started by Administrator in D:\JAVA_CODE\hotel)
2020-01-05 22:38:30.544  INFO 13400 --- [main] com.example.hotel.HotelApplication       : No active profile set, falling back to default profiles: default
2020-01-05 22:38:31.058  INFO 13400 --- [main] .s.d.r.c.RepositoryConfigurationDelegate : Bootstrapping Spring Data JPA repositories in DEFAULT mode.
2020-01-05 22:38:31.075  INFO 13400 --- [main] .s.d.r.c.RepositoryConfigurationDelegate : Finished Spring Data repository scanning in 10ms. Found 0 JPA repository interfaces.
2020-01-05 22:38:31.306  INFO 13400 --- [main] trationDelegate$BeanPostProcessorChecker : Bean 'org.springframework.transaction.annotation.ProxyTransactionManagementConfiguration' of type [org.springframework.transaction.annotation.ProxyTransactionManagementConfiguration] is not eligible for getting processed by all BeanPostProcessors (for example: not eligible for auto-proxying)
2020-01-05 22:38:31.493  WARN 13400 --- [main] ConfigServletWebServerApplicationContext : Exception encountered during context initialization - cancelling refresh attempt: org.springframework.context.ApplicationContextException: Unable to start web server; nested exception is org.springframework.boot.web.server.WebServerException: Could not load key store 'classpath:keystore.p12'
2020-01-05 22:38:31.500  INFO 13400 --- [main] ConditionEvaluationReportLoggingListener : 

Error starting ApplicationContext. To display the conditions report re-run your application with 'debug' enabled.
2020-01-05 22:38:31.510 ERROR 13400 --- [main] o.s.boot.SpringApplication               : Application run failed

org.springframework.context.ApplicationContextException: Unable to start web server; nested exception is org.springframework.boot.web.server.WebServerException: Could not load key store 'classpath:keystore.p12'
	at org.springframework.boot.web.servlet.context.ServletWebServerApplicationContext.onRefresh(ServletWebServerApplicationContext.java:156) ~[spring-boot-2.2.2.RELEASE.jar:2.2.2.RELEASE]
	at org.springframework.context.support.AbstractApplicationContext.refresh(AbstractApplicationContext.java:544) ~[spring-context-5.2.2.RELEASE.jar:5.2.2.RELEASE]
	at org.springframework.boot.web.servlet.context.ServletWebServerApplicationContext.refresh(ServletWebServerApplicationContext.java:141) ~[spring-boot-2.2.2.RELEASE.jar:2.2.2.RELEASE]
	at org.springframework.boot.SpringApplication.refresh(SpringApplication.java:747) [spring-boot-2.2.2.RELEASE.jar:2.2.2.RELEASE]
	at org.springframework.boot.SpringApplication.refreshContext(SpringApplication.java:397) [spring-boot-2.2.2.RELEASE.jar:2.2.2.RELEASE]
	at org.springframework.boot.SpringApplication.run(SpringApplication.java:315) [spring-boot-2.2.2.RELEASE.jar:2.2.2.RELEASE]
	at org.springframework.boot.SpringApplication.run(SpringApplication.java:1226) [spring-boot-2.2.2.RELEASE.jar:2.2.2.RELEASE]
	at org.springframework.boot.SpringApplication.run(SpringApplication.java:1215) [spring-boot-2.2.2.RELEASE.jar:2.2.2.RELEASE]
	at com.example.hotel.HotelApplication.main(HotelApplication.java:10) [main/:na]
Caused by: org.springframework.boot.web.server.WebServerException: Could not load key store 'classpath:keystore.p12'
	at org.springframework.boot.web.embedded.tomcat.SslConnectorCustomizer.configureSslKeyStore(SslConnectorCustomizer.java:128) ~[spring-boot-2.2.2.RELEASE.jar:2.2.2.RELEASE]
	at org.springframework.boot.web.embedded.tomcat.SslConnectorCustomizer.configureSsl(SslConnectorCustomizer.java:88) ~[spring-boot-2.2.2.RELEASE.jar:2.2.2.RELEASE]
	at org.springframework.boot.web.embedded.tomcat.SslConnectorCustomizer.customize(SslConnectorCustomizer.java:57) ~[spring-boot-2.2.2.RELEASE.jar:2.2.2.RELEASE]
	at org.springframework.boot.web.embedded.tomcat.TomcatServletWebServerFactory.customizeSsl(TomcatServletWebServerFactory.java:339) ~[spring-boot-2.2.2.RELEASE.jar:2.2.2.RELEASE]
	at org.springframework.boot.web.embedded.tomcat.TomcatServletWebServerFactory.customizeConnector(TomcatServletWebServerFactory.java:317) ~[spring-boot-2.2.2.RELEASE.jar:2.2.2.RELEASE]
	at org.springframework.boot.web.embedded.tomcat.TomcatServletWebServerFactory.getWebServer(TomcatServletWebServerFactory.java:183) ~[spring-boot-2.2.2.RELEASE.jar:2.2.2.RELEASE]
	at org.springframework.boot.web.servlet.context.ServletWebServerApplicationContext.createWebServer(ServletWebServerApplicationContext.java:180) ~[spring-boot-2.2.2.RELEASE.jar:2.2.2.RELEASE]
	at org.springframework.boot.web.servlet.context.ServletWebServerApplicationContext.onRefresh(ServletWebServerApplicationContext.java:153) ~[spring-boot-2.2.2.RELEASE.jar:2.2.2.RELEASE]
	... 8 common frames omitted
Caused by: java.io.FileNotFoundException: class path resource [keystore.p12] cannot be resolved to URL because it does not exist
	at org.springframework.util.ResourceUtils.getURL(ResourceUtils.java:137) ~[spring-core-5.2.2.RELEASE.jar:5.2.2.RELEASE]
	at org.springframework.boot.web.embedded.tomcat.SslConnectorCustomizer.configureSslKeyStore(SslConnectorCustomizer.java:125) ~[spring-boot-2.2.2.RELEASE.jar:2.2.2.RELEASE]
	... 15 common frames omitted

2020-01-05 22:39:00.164  INFO 6800 --- [main] com.example.hotel.HotelApplication       : Starting HotelApplication on MS-JUIGYMZVVVZA with PID 6800 (D:\JAVA_CODE\hotel\build\classes\java\main started by Administrator in D:\JAVA_CODE\hotel)
2020-01-05 22:39:00.167  INFO 6800 --- [main] com.example.hotel.HotelApplication       : No active profile set, falling back to default profiles: default
2020-01-05 22:39:00.688  INFO 6800 --- [main] .s.d.r.c.RepositoryConfigurationDelegate : Bootstrapping Spring Data JPA repositories in DEFAULT mode.
2020-01-05 22:39:00.706  INFO 6800 --- [main] .s.d.r.c.RepositoryConfigurationDelegate : Finished Spring Data repository scanning in 11ms. Found 0 JPA repository interfaces.
2020-01-05 22:39:00.952  INFO 6800 --- [main] trationDelegate$BeanPostProcessorChecker : Bean 'org.springframework.transaction.annotation.ProxyTransactionManagementConfiguration' of type [org.springframework.transaction.annotation.ProxyTransactionManagementConfiguration] is not eligible for getting processed by all BeanPostProcessors (for example: not eligible for auto-proxying)
2020-01-05 22:39:01.137  WARN 6800 --- [main] ConfigServletWebServerApplicationContext : Exception encountered during context initialization - cancelling refresh attempt: org.springframework.context.ApplicationContextException: Unable to start web server; nested exception is org.springframework.boot.web.server.WebServerException: Could not load key store 'classpath:keystore.p12'
2020-01-05 22:39:01.144  INFO 6800 --- [main] ConditionEvaluationReportLoggingListener : 

Error starting ApplicationContext. To display the conditions report re-run your application with 'debug' enabled.
2020-01-05 22:39:01.155 ERROR 6800 --- [main] o.s.boot.SpringApplication               : Application run failed

org.springframework.context.ApplicationContextException: Unable to start web server; nested exception is org.springframework.boot.web.server.WebServerException: Could not load key store 'classpath:keystore.p12'
	at org.springframework.boot.web.servlet.context.ServletWebServerApplicationContext.onRefresh(ServletWebServerApplicationContext.java:156) ~[spring-boot-2.2.2.RELEASE.jar:2.2.2.RELEASE]
	at org.springframework.context.support.AbstractApplicationContext.refresh(AbstractApplicationContext.java:544) ~[spring-context-5.2.2.RELEASE.jar:5.2.2.RELEASE]
	at org.springframework.boot.web.servlet.context.ServletWebServerApplicationContext.refresh(ServletWebServerApplicationContext.java:141) ~[spring-boot-2.2.2.RELEASE.jar:2.2.2.RELEASE]
	at org.springframework.boot.SpringApplication.refresh(SpringApplication.java:747) [spring-boot-2.2.2.RELEASE.jar:2.2.2.RELEASE]
	at org.springframework.boot.SpringApplication.refreshContext(SpringApplication.java:397) [spring-boot-2.2.2.RELEASE.jar:2.2.2.RELEASE]
	at org.springframework.boot.SpringApplication.run(SpringApplication.java:315) [spring-boot-2.2.2.RELEASE.jar:2.2.2.RELEASE]
	at org.springframework.boot.SpringApplication.run(SpringApplication.java:1226) [spring-boot-2.2.2.RELEASE.jar:2.2.2.RELEASE]
	at org.springframework.boot.SpringApplication.run(SpringApplication.java:1215) [spring-boot-2.2.2.RELEASE.jar:2.2.2.RELEASE]
	at com.example.hotel.HotelApplication.main(HotelApplication.java:10) [main/:na]
Caused by: org.springframework.boot.web.server.WebServerException: Could not load key store 'classpath:keystore.p12'
	at org.springframework.boot.web.embedded.tomcat.SslConnectorCustomizer.configureSslKeyStore(SslConnectorCustomizer.java:128) ~[spring-boot-2.2.2.RELEASE.jar:2.2.2.RELEASE]
	at org.springframework.boot.web.embedded.tomcat.SslConnectorCustomizer.configureSsl(SslConnectorCustomizer.java:88) ~[spring-boot-2.2.2.RELEASE.jar:2.2.2.RELEASE]
	at org.springframework.boot.web.embedded.tomcat.SslConnectorCustomizer.customize(SslConnectorCustomizer.java:57) ~[spring-boot-2.2.2.RELEASE.jar:2.2.2.RELEASE]
	at org.springframework.boot.web.embedded.tomcat.TomcatServletWebServerFactory.customizeSsl(TomcatServletWebServerFactory.java:339) ~[spring-boot-2.2.2.RELEASE.jar:2.2.2.RELEASE]
	at org.springframework.boot.web.embedded.tomcat.TomcatServletWebServerFactory.customizeConnector(TomcatServletWebServerFactory.java:317) ~[spring-boot-2.2.2.RELEASE.jar:2.2.2.RELEASE]
	at org.springframework.boot.web.embedded.tomcat.TomcatServletWebServerFactory.getWebServer(TomcatServletWebServerFactory.java:183) ~[spring-boot-2.2.2.RELEASE.jar:2.2.2.RELEASE]
	at org.springframework.boot.web.servlet.context.ServletWebServerApplicationContext.createWebServer(ServletWebServerApplicationContext.java:180) ~[spring-boot-2.2.2.RELEASE.jar:2.2.2.RELEASE]
	at org.springframework.boot.web.servlet.context.ServletWebServerApplicationContext.onRefresh(ServletWebServerApplicationContext.java:153) ~[spring-boot-2.2.2.RELEASE.jar:2.2.2.RELEASE]
	... 8 common frames omitted
Caused by: java.io.FileNotFoundException: class path resource [keystore.p12] cannot be resolved to URL because it does not exist
	at org.springframework.util.ResourceUtils.getURL(ResourceUtils.java:137) ~[spring-core-5.2.2.RELEASE.jar:5.2.2.RELEASE]
	at org.springframework.boot.web.embedded.tomcat.SslConnectorCustomizer.configureSslKeyStore(SslConnectorCustomizer.java:125) ~[spring-boot-2.2.2.RELEASE.jar:2.2.2.RELEASE]
	... 15 common frames omitted

2020-01-05 22:39:49.236  INFO 17384 --- [main] com.example.hotel.HotelApplication       : Starting HotelApplication on MS-JUIGYMZVVVZA with PID 17384 (D:\JAVA_CODE\hotel\build\classes\java\main started by Administrator in D:\JAVA_CODE\hotel)
2020-01-05 22:39:49.239  INFO 17384 --- [main] com.example.hotel.HotelApplication       : No active profile set, falling back to default profiles: default
2020-01-05 22:39:49.726  INFO 17384 --- [main] .s.d.r.c.RepositoryConfigurationDelegate : Bootstrapping Spring Data JPA repositories in DEFAULT mode.
2020-01-05 22:39:49.746  INFO 17384 --- [main] .s.d.r.c.RepositoryConfigurationDelegate : Finished Spring Data repository scanning in 12ms. Found 0 JPA repository interfaces.
2020-01-05 22:39:49.979  INFO 17384 --- [main] trationDelegate$BeanPostProcessorChecker : Bean 'org.springframework.transaction.annotation.ProxyTransactionManagementConfiguration' of type [org.springframework.transaction.annotation.ProxyTransactionManagementConfiguration] is not eligible for getting processed by all BeanPostProcessors (for example: not eligible for auto-proxying)
2020-01-05 22:39:50.191  INFO 17384 --- [main] o.s.b.w.embedded.tomcat.TomcatWebServer  : Tomcat initialized with port(s): 443 (http)
2020-01-05 22:39:50.200  INFO 17384 --- [main] o.apache.catalina.core.StandardService   : Starting service [Tomcat]
2020-01-05 22:39:50.200  INFO 17384 --- [main] org.apache.catalina.core.StandardEngine  : Starting Servlet engine: [Apache Tomcat/9.0.29]
2020-01-05 22:39:50.298  INFO 17384 --- [main] o.a.c.c.C.[Tomcat].[localhost].[/]       : Initializing Spring embedded WebApplicationContext
2020-01-05 22:39:50.299  INFO 17384 --- [main] o.s.web.context.ContextLoader            : Root WebApplicationContext: initialization completed in 1024 ms
2020-01-05 22:39:50.459  INFO 17384 --- [main] o.hibernate.jpa.internal.util.LogHelper  : HHH000204: Processing PersistenceUnitInfo [name: default]
2020-01-05 22:39:50.518  INFO 17384 --- [main] org.hibernate.Version                    : HHH000412: Hibernate Core {5.4.9.Final}
2020-01-05 22:39:50.644  INFO 17384 --- [main] o.hibernate.annotations.common.Version   : HCANN000001: Hibernate Commons Annotations {5.1.0.Final}
2020-01-05 22:39:50.779  INFO 17384 --- [main] com.zaxxer.hikari.HikariDataSource       : HikariPool-1 - Starting...
2020-01-05 22:39:50.780  WARN 17384 --- [main] com.zaxxer.hikari.util.DriverDataSource  : Registered driver with driverClassName=com.mysql.jdbc.Driver was not found, trying direct instantiation.
2020-01-05 22:39:51.061  INFO 17384 --- [main] com.zaxxer.hikari.HikariDataSource       : HikariPool-1 - Start completed.
2020-01-05 22:39:51.077  INFO 17384 --- [main] org.hibernate.dialect.Dialect            : HHH000400: Using dialect: org.hibernate.dialect.MySQL55Dialect
2020-01-05 22:39:51.336  INFO 17384 --- [main] o.h.e.t.j.p.i.JtaPlatformInitiator       : HHH000490: Using JtaPlatform implementation: [org.hibernate.engine.transaction.jta.platform.internal.NoJtaPlatform]
2020-01-05 22:39:51.342  INFO 17384 --- [main] j.LocalContainerEntityManagerFactoryBean : Initialized JPA EntityManagerFactory for persistence unit 'default'
2020-01-05 22:39:51.426  WARN 17384 --- [main] JpaBaseConfiguration$JpaWebConfiguration : spring.jpa.open-in-view is enabled by default. Therefore, database queries may be performed during view rendering. Explicitly configure spring.jpa.open-in-view to disable this warning
2020-01-05 22:39:51.541  INFO 17384 --- [main] o.s.s.concurrent.ThreadPoolTaskExecutor  : Initializing ExecutorService 'applicationTaskExecutor'
2020-01-05 22:39:51.727  INFO 17384 --- [main] .s.s.UserDetailsServiceAutoConfiguration : 

Using generated security password: a89497d3-9ade-4466-8db7-33e24e7d457d

2020-01-05 22:39:51.809  INFO 17384 --- [main] o.s.s.web.DefaultSecurityFilterChain     : Creating filter chain: any request, [org.springframework.security.web.context.request.async.WebAsyncManagerIntegrationFilter@603d25db, org.springframework.security.web.context.SecurityContextPersistenceFilter@252c6cdb, org.springframework.security.web.header.HeaderWriterFilter@750e2d33, org.springframework.security.web.csrf.CsrfFilter@5b7ee56c, org.springframework.security.web.authentication.logout.LogoutFilter@52f43225, org.springframework.security.web.authentication.UsernamePasswordAuthenticationFilter@152e7703, org.springframework.security.web.authentication.ui.DefaultLoginPageGeneratingFilter@362a6aa5, org.springframework.security.web.authentication.ui.DefaultLogoutPageGeneratingFilter@95cecc5, org.springframework.security.web.authentication.www.BasicAuthenticationFilter@18483b8b, org.springframework.security.web.savedrequest.RequestCacheAwareFilter@1857fe6c, org.springframework.security.web.servletapi.SecurityContextHolderAwareRequestFilter@51b51641, org.springframework.security.web.authentication.AnonymousAuthenticationFilter@48b3b1b8, org.springframework.security.web.session.SessionManagementFilter@277bc3a5, org.springframework.security.web.access.ExceptionTranslationFilter@7e1d8d41, org.springframework.security.web.access.intercept.FilterSecurityInterceptor@51a719e7]
2020-01-05 22:39:51.879  INFO 17384 --- [main] o.s.b.w.embedded.tomcat.TomcatWebServer  : Tomcat started on port(s): 443 (http) with context path ''
2020-01-05 22:39:51.882  INFO 17384 --- [main] com.example.hotel.HotelApplication       : Started HotelApplication in 3.046 seconds (JVM running for 4.035)
2020-01-05 23:39:27.555  INFO 17384 --- [SpringContextShutdownHook] o.s.s.concurrent.ThreadPoolTaskExecutor  : Shutting down ExecutorService 'applicationTaskExecutor'
2020-01-05 23:39:27.556  INFO 17384 --- [SpringContextShutdownHook] j.LocalContainerEntityManagerFactoryBean : Closing JPA EntityManagerFactory for persistence unit 'default'
2020-01-05 23:39:27.559  INFO 17384 --- [SpringContextShutdownHook] com.zaxxer.hikari.HikariDataSource       : HikariPool-1 - Shutdown initiated...
2020-01-05 23:39:27.563  INFO 17384 --- [SpringContextShutdownHook] com.zaxxer.hikari.HikariDataSource       : HikariPool-1 - Shutdown completed.
